 

          **************************************************************
          *                                                            *
          *        ****   *****   *****   *    *  *    *  *****        *
          *       *    *  *    *  *    *  *   *   *   *   *    *       *
          *       *       *    *  *    *  *  *    *  *    *    *       *
          *        ****   *****   *****   * *     * *     *****        *
          *            *  *       *  *    ** *    ** *    *  *         *
          *       *    *  *       *   *   *   *   *   *   *   *        *
          *        ****   *       *    *  *    *  *    *  *    *       *
          *                                                            *
          *------------------------------------------------------------*
          *       KKRGEN  VERSION  9.4            (C) 2025  H. Ebert   *
          **************************************************************


          programm execution  on    22/08/2025    at   15:24:07


          input file       : standard input


 *******************************************************************************
                                 <GETLRECREAL>
 *******************************************************************************

          record length parameter for REAL's   LRECREAL8 =  8
          a double precision real*8 is stored in 8 Bytes              



 *******************************************************************************
                                    <POTRD2>
 *******************************************************************************


          system dimension: 3D        
          system type:      BULK                          
          SCF status:       CONVERGED 



 *******************************************************************************
                               <INIT_MOD_LATTICE>
 *******************************************************************************

          initialize the module <MOD_LATTICE> according to SYSDIM = 3D

          set up basis vectors for reciprocal space 


          real space Bravais lattice: cubic       body-centered  m3m    O_h 

          primitive vectors for real space Bravais lattice

            (  -0.50000,   0.50000,   0.50000 )
            (   0.50000,  -0.50000,   0.50000 )
            (   0.50000,   0.50000,  -0.50000 )

          basis vectors in units of a

            (   0.00000,   0.00000,   0.00000 )

          primitive vectors of reciprocal space Bravais lattice
                 in units of 2*pi/a

            (   0.00000,   1.00000,   1.00000 )
            (   1.00000,   0.00000,   1.00000 )
            (   1.00000,   1.00000,   0.00000 )


 *******************************************************************************
                                   <SYMINIT>
 *******************************************************************************

          set up possible symmetry operations for the 
          real space Bravais lattice: cubic       body-centered  m3m    O_h 

          crystal system   7     CUB

          symmetry operations to scan       NSYM  48
          maximum possible symmetry operations    48

           T T T T T T T T T T T T T T T T T T T T T T T T
           T T T T T T T T T T T T T T T T T T T T T T T T


 *******************************************************************************
                                  <SYMLATTICE>
 *******************************************************************************

          find out symmetry properties of the lattice


          crystal system accepted symmetry operations      48
          accepted symmetry operations   NSYMACCEPTED       8
          operations NSYM (loops)        NSYM              48
          operations NSYM w/o INV        NSYM_WO_INV       24


       I    Euler angles  INV SYMBOL TIM     shift  ->DQ     Q' 
       1     0    0    0       E           0.00  0.00  0.00   1
       3     0  180    0       C2y    T    0.00  0.00  0.00   1
      21     0   90  180       C2c         0.00  0.00  0.00   1
      23   180   90    0       C2e    T    0.00  0.00  0.00   1
      25     0    0    0   I   I           0.00  0.00  0.00   1
      27     0  180    0   I   sy     T    0.00  0.00  0.00   1
      45     0   90  180   I   sdc         0.00  0.00  0.00   1
      47   180   90    0   I   sde    T    0.00  0.00  0.00   1

          the detected   8 symmetry operations form a group


          BZ-wedges to be treated  NWEDGE   6
          created by operations  
           1  E       2  C2x     5  C+31    7  C+33    9  C-31   10  C-32


 *******************************************************************************
                                    <SYMROT>
 *******************************************************************************

          set up of rotation matrices  DROT  for IREL = 3

          CHECK of rotation matrices   DROT  for COMPLEX spherical harmonics
          comparison of analytical and numerical results
          out of  1944 elements     0 deviate more than TOL =   1.0E-08
          maximum deviation found:    2.5E-14



 *******************************************************************************
                                  <INIT_RADII>
 *******************************************************************************


                   muffin tin and Wigner-Seitz radii

                   IM    RMT               RWS     final setting in  <INIT_RADII>
                    1  2.34845044272885  2.67038919691684


 *******************************************************************************
                                 <POTRDSPR>
 *******************************************************************************

          POTFMTINP =  9

 SPR-KKR dataset created by KKRSCF                                               

          radial mesh parameters:

          IM    JRMT   R(JRMT)    RMT      JRWS    RWS       DX
           1    714   2.31257   2.34845    721   2.67039   0.020552409

          Bravais lattice:                cubic       body-centered
          lattice constant  ALAT               5.42351
          number of sites   NQ                       1
          average Wigner-Seitz radius          2.67039



          potential data for IT =  1 ..   1
          =================================

    1    0.000001  -51.999816    0.000000
   31    0.000002  -51.999659    0.000000
   61    0.000003  -51.999367    0.000000
   91    0.000006  -51.998824    0.000000
  121    0.000012  -51.997818    0.000000
  151    0.000022  -51.995949    0.000000
  181    0.000040  -51.992480    0.000000
  211    0.000075  -51.986040    0.000000
  241    0.000139  -51.974082    0.000000
  271    0.000257  -51.951869    0.000000
  301    0.000476  -51.910585    0.000000
  331    0.000882  -51.833781    0.000001
  361    0.001634  -51.690694    0.000001
  391    0.003027  -51.423703    0.000002
  421    0.005608  -50.925576    0.000003
  451    0.010390  -50.003222    0.000006
  481    0.019248  -48.341587    0.000009
  511    0.035658  -45.523296    0.000014
  541    0.066059  -41.110041    0.000017
  571    0.122378  -34.785915   -0.000330
  601    0.226714  -26.722773   -0.005197
  631    0.420003  -17.792806   -0.052028
  661    0.778084   -8.977690   -0.081238
  691    1.441453   -2.640902   -0.081695
  721    2.670389    0.063239    0.014927
  721    2.670389    0.063239    0.014927
  

                   spin-polarized calculation

                   SELFENERGY applied:NONE      


   number of lattice sites (NQ):   1

   site NL mesh MGAM MTET MPHI   RWS  CPA NOQ IT ELMT VAL CONC QREP SYMG eq.sit.
     1   3   1     0   45    0 2.6704  0   1                     1    1   1
                                               1 Fe     8 1.00
   average                     2.6704          total    8.00

   KMROT:     2   global M-rotation      MOMENTS_ROTATED:  T
   QMVEC:   0.000  0.000  0.000



   number of atomic types  (NT):   1

   type TXTT   NL VAL COR mesh    RMT     RWS   NAT  CONC  on sites
     1  Fe      3   8  18   1   2.3485  2.6704   1  1.000   1




 mmmmmmmmmmmmmmmmmmmmmmmmmmmmmmmmmmmmmmmmmmmmmmmmmmmmmmmmmmmmmmmmmmmmmmmmmmmmmmm

          FULLY relativistic calculation 

          the magnetization is rotated globally using the Euler angles 

          ALF =   0.000   BET =  45.000   GAM =   0.000

          the  BREIT interaction  will be ignored

          the  ORBITAL POLARISATION  will be ignored

          solver for     spherical Dirac equation: BS           TOL = 2.0E-08

          solver for spherical equation:     BS        

 *******************************************************************************
                                 <TAU_DIR_INQUIRE>
 *******************************************************************************

          checking whether TAU - data are available

          TAU-data available in: Fe_TORQUE.tau.dir
          NEPANEL            1
          IGRID              8
          NETAB             36
          for  3D-bulk system   TAU available:   T

 *******************************************************************************


 *******************************************************************************


          SWS =  2.670389     ALAT =  5.423514

          NQ =  1     NL =  3     NLM =   9   NQ*NLM =   9
                      NK =  5     NKM =  18     NKKR =  18     NLIN =  30

          POTFMTINP = 9     POTFMTOUT = 9
          RDTAU     = T
          WRTAU     = F
          PLOTPOT   = F     PLOTRHO   = F     PLOTSFN   = F
          PLOT2DPOT = F     PLOT2DRHO = F
          IPRINT    = 0     ITEST     = 0     WRMAT     = F
          INITELOOP = F     RUNELOOP  = F     SPLITSS   = F
          adjusted          BRAVAIS   = F
          symmetrized       BASIS     = F
          optimized         BASIS     = F
          NO_SYM for        HOST      = F     CLU       = F     LINRESP   = F
          symmetrize        MSS       = T     TAU       = F
                            RHO       = T     POT       = F
          LLOYD      = F
          GF_CONV_RH = F
          NONMAG     = F
          FULLPOT    = F
          FULLCHARGE = F

          TASK       = TORQUE    

          CALC    FMAG:    F    JXC:     F    DMI:     F    JALF:    F    ORB:    F
                  TORQUE: T    BSDOSIJ:  F

          SYSDIM     = 3D        
          SYSTYPE    = BULK                          
          SUBSYSTEM  = BULK                          
          KKRMODE    = STANDARD-KKR                  

 eeeeeeeeeeeeeeeeeeeeeeeeeeeeeeeeeeeeeeeeeeeeeeeeeeeeeeeeeeeeeeeeeeeeeeeeeeeeeee

          energy path:  ARC IN COMPLEX PLANE - LOGARITHMIC      
          energies  :          36
          E_min     :   -0.200000
          E_max     :    0.716363
          Im(E)     :    0.000000
          E_Fermi   :    0.716363
  

 fffffffffffffffffffffffffffffffffffffffffffffffffffffffffffffffffffffffffffffff

          FILES:

          potential :  ( 4) Fe.pot_new
          TAU       :       Fe_TORQUE.tau.dir
  


 *******************************************************************************
                                 <OCC_WGT_INIT>
 *******************************************************************************



 *******************************************************************************
 *******************************************************************************

          calculation for task = TORQUE    
          finished in subroutine <KKRGEN>
          Regular stop
          run time info  CPU          1.355 sec
                         WALL         0.081 sec

 *******************************************************************************
 *******************************************************************************

          program stopped regularly via STOP_REGULAR

