#
#  run of KKRGEN  on    20/08/2025    at   18:45:50
#
#  TASK             E-INTEGRAL
#  GIT_BRANCH        not initialized
#  GIT_HASH          not initialized
#  GIT_COMPILE_DATE TEST TEST TEST TEST CEST 2025
#
# BUILDBOT: XCPLTENSOR:  XC-coupling constants J_ij  for ITAUIJ,ITAUJI =   22   68
  1.09060420902255E+01
  1.09060420902266E+01
 -1.08605680254624E-02
 -1.08605734594483E-02
# BUILDBOT: XCPLTENSOR:  XC-coupling constants J_ij  for ITAUIJ,ITAUJI =   27   63
  1.09060420901015E+01
  1.09060420900981E+01
  1.08605713981223E-02
  1.08605700884061E-02
# BUILDBOT: XCPLTENSOR:  XC-coupling constants J_ij  for ITAUIJ,ITAUJI =   40   50
  1.09060420900992E+01
  1.09060420901003E+01
  1.08605713980846E-02
  1.08605700884431E-02
# BUILDBOT: XCPLTENSOR:  XC-coupling constants J_ij  for ITAUIJ,ITAUJI =   46   44
  1.09060420900915E+01
  1.09060420900927E+01
 -1.08605713178949E-02
 -1.08605701659885E-02
# BUILDBOT: XCPLTENSOR:  XC-coupling constants J_ij  for ITAUIJ,ITAUJI =   44   46
  1.09060420900915E+01
  1.09060420900927E+01
 -1.08605701659910E-02
 -1.08605713178954E-02
# BUILDBOT: XCPLTENSOR:  XC-coupling constants J_ij  for ITAUIJ,ITAUJI =   50   40
  1.09060420900992E+01
  1.09060420901003E+01
  1.08605700884435E-02
  1.08605713980841E-02
# BUILDBOT: XCPLTENSOR:  XC-coupling constants J_ij  for ITAUIJ,ITAUJI =   63   27
  1.09060420901015E+01
  1.09060420900981E+01
  1.08605700884065E-02
  1.08605713981222E-02
# BUILDBOT: XCPLTENSOR:  XC-coupling constants J_ij  for ITAUIJ,ITAUJI =   68   22
  1.09060420902255E+01
  1.09060420902266E+01
 -1.08605734594475E-02
 -1.08605680254637E-02
# BUILDBOT: XCPLTENSOR:  XC-coupling constants J_ij  for ITAUIJ,ITAUJI =   23   67
  1.22732618307447E+01
  1.22732618307447E+01
 -1.07559625488425E-09
  1.07862602818806E-09
# BUILDBOT: XCPLTENSOR:  XC-coupling constants J_ij  for ITAUIJ,ITAUJI =   26   64
  1.20609398271613E+01
  1.19974683504572E+01
 -1.05118941991016E-09
  1.05045384317626E-09
# BUILDBOT: XCPLTENSOR:  XC-coupling constants J_ij  for ITAUIJ,ITAUJI =   39   51
  1.19974683504572E+01
  1.20609398271613E+01
 -1.05174549359816E-09
  1.04992626035540E-09
# BUILDBOT: XCPLTENSOR:  XC-coupling constants J_ij  for ITAUIJ,ITAUJI =   51   39
  1.19974683504572E+01
  1.20609398271613E+01
  1.04992667347101E-09
 -1.05174561268612E-09
# BUILDBOT: XCPLTENSOR:  XC-coupling constants J_ij  for ITAUIJ,ITAUJI =   64   26
  1.20609398271613E+01
  1.19974683504572E+01
  1.05045373464515E-09
 -1.05118952998471E-09
# BUILDBOT: XCPLTENSOR:  XC-coupling constants J_ij  for ITAUIJ,ITAUJI =   67   23
  1.22732618307447E+01
  1.22732618307447E+01
  1.07862572373497E-09
 -1.07559678625267E-09
# BUILDBOT: XCPLTENSOR:  XC-coupling constants J_ij  for ITAUIJ,ITAUJI =    9   81
 -7.26034923016167E-01
 -7.54092927766175E-01
 -2.33878679331273E-11
  2.24974339286730E-11
# BUILDBOT: XCPLTENSOR:  XC-coupling constants J_ij  for ITAUIJ,ITAUJI =   18   72
 -7.54092927766173E-01
 -7.26034923016164E-01
 -2.34693739577618E-11
  2.24136551862559E-11
# BUILDBOT: XCPLTENSOR:  XC-coupling constants J_ij  for ITAUIJ,ITAUJI =   28   62
 -7.54092927608713E-01
 -7.26034922863982E-01
 -2.20328656667587E-13
 -7.75723326839374E-13
# BUILDBOT: XCPLTENSOR:  XC-coupling constants J_ij  for ITAUIJ,ITAUJI =   41   49
 -7.26034922863995E-01
 -7.54092927608726E-01
 -1.46666246040176E-13
 -6.84678281839799E-13
# BUILDBOT: XCPLTENSOR:  XC-coupling constants J_ij  for ITAUIJ,ITAUJI =   21   69
 -7.81803206118114E-01
 -7.81803206117625E-01
 -2.06011832084955E-02
 -2.06011831992011E-02
# BUILDBOT: XCPLTENSOR:  XC-coupling constants J_ij  for ITAUIJ,ITAUJI =   31   59
 -7.81803205957336E-01
 -7.81803205957825E-01
  2.06011832019507E-02
  2.06011832019363E-02
# BUILDBOT: XCPLTENSOR:  XC-coupling constants J_ij  for ITAUIJ,ITAUJI =   59   31
 -7.81803205957336E-01
 -7.81803205957825E-01
  2.06011832019362E-02
  2.06011832019506E-02
# BUILDBOT: XCPLTENSOR:  XC-coupling constants J_ij  for ITAUIJ,ITAUJI =   69   21
 -7.81803206118114E-01
 -7.81803206117625E-01
 -2.06011831992010E-02
 -2.06011832084953E-02
# BUILDBOT: XCPLTENSOR:  XC-coupling constants J_ij  for ITAUIJ,ITAUJI =   49   41
 -7.26034922863995E-01
 -7.54092927608726E-01
 -6.84644550343164E-13
 -1.46636275199766E-13
# BUILDBOT: XCPLTENSOR:  XC-coupling constants J_ij  for ITAUIJ,ITAUJI =   62   28
 -7.54092927608713E-01
 -7.26034922863982E-01
 -7.75705033288295E-13
 -2.20458586726941E-13
# BUILDBOT: XCPLTENSOR:  XC-coupling constants J_ij  for ITAUIJ,ITAUJI =   72   18
 -7.54092927766173E-01
 -7.26034923016164E-01
  2.24137123236537E-11
 -2.34694578909469E-11
# BUILDBOT: XCPLTENSOR:  XC-coupling constants J_ij  for ITAUIJ,ITAUJI =   81    9
 -7.26034923016167E-01
 -7.54092927766176E-01
  2.24974561609689E-11
 -2.33878867619081E-11
# BUILDBOT: XCPLTENSOR:  XC-coupling constants J_ij  for ITAUIJ,ITAUJI =    6   84
 -1.93495898851424E+00
 -1.93495898851417E+00
 -3.62713521513914E-03
 -3.62713686663950E-03
# BUILDBOT: XCPLTENSOR:  XC-coupling constants J_ij  for ITAUIJ,ITAUJI =   10   80
 -1.93495898832162E+00
 -1.93495898831944E+00
  3.62713607179258E-03
  3.62713601308726E-03
# BUILDBOT: XCPLTENSOR:  XC-coupling constants J_ij  for ITAUIJ,ITAUJI =   19   71
 -1.93495898831938E+00
 -1.93495898832171E+00
  3.62713607179603E-03
  3.62713601308400E-03
# BUILDBOT: XCPLTENSOR:  XC-coupling constants J_ij  for ITAUIJ,ITAUJI =   24   66
 -1.93495898828838E+00
 -1.93495898828830E+00
 -3.62713607208449E-03
 -3.62713601272353E-03
# BUILDBOT: XCPLTENSOR:  XC-coupling constants J_ij  for ITAUIJ,ITAUJI =    8   82
 -1.92550773065773E+00
 -1.91300800458983E+00
 -2.25825304323883E-03
 -2.25825464650965E-03
# BUILDBOT: XCPLTENSOR:  XC-coupling constants J_ij  for ITAUIJ,ITAUJI =   12   78
 -1.92550773046778E+00
 -1.91300800439897E+00
  2.25825384692801E-03
  2.25825384472928E-03
# BUILDBOT: XCPLTENSOR:  XC-coupling constants J_ij  for ITAUIJ,ITAUJI =   17   73
 -1.91300800458987E+00
 -1.92550773065769E+00
 -2.25825304302556E-03
 -2.25825464630774E-03
# BUILDBOT: XCPLTENSOR:  XC-coupling constants J_ij  for ITAUIJ,ITAUJI =   32   58
 -1.91300800435997E+00
 -1.92550773042584E+00
  2.25825390582472E-03
  2.25825378710176E-03
# BUILDBOT: XCPLTENSOR:  XC-coupling constants J_ij  for ITAUIJ,ITAUJI =   35   55
 -1.91300800439896E+00
 -1.92550773046784E+00
  2.25825384713359E-03
  2.25825384493902E-03
# BUILDBOT: XCPLTENSOR:  XC-coupling constants J_ij  for ITAUIJ,ITAUJI =   52   38
 -1.91300800440021E+00
 -1.92550773046670E+00
 -2.25825383299285E-03
 -2.25825385950899E-03
# BUILDBOT: XCPLTENSOR:  XC-coupling constants J_ij  for ITAUIJ,ITAUJI =   60   30
 -1.92550773042578E+00
 -1.91300800435998E+00
  2.25825390560724E-03
  2.25825378690419E-03
# BUILDBOT: XCPLTENSOR:  XC-coupling constants J_ij  for ITAUIJ,ITAUJI =   65   25
 -1.92550773046675E+00
 -1.91300800440018E+00
 -2.25825383319259E-03
 -2.25825385972421E-03
# BUILDBOT: XCPLTENSOR:  XC-coupling constants J_ij  for ITAUIJ,ITAUJI =   25   65
 -1.92550773046675E+00
 -1.91300800440018E+00
 -2.25825385972431E-03
 -2.25825383319267E-03
# BUILDBOT: XCPLTENSOR:  XC-coupling constants J_ij  for ITAUIJ,ITAUJI =   30   60
 -1.92550773042578E+00
 -1.91300800435998E+00
  2.25825378690416E-03
  2.25825390560724E-03
# BUILDBOT: XCPLTENSOR:  XC-coupling constants J_ij  for ITAUIJ,ITAUJI =   38   52
 -1.91300800440021E+00
 -1.92550773046671E+00
 -2.25825385950907E-03
 -2.25825383299286E-03
# BUILDBOT: XCPLTENSOR:  XC-coupling constants J_ij  for ITAUIJ,ITAUJI =   55   35
 -1.91300800439896E+00
 -1.92550773046784E+00
  2.25825384493894E-03
  2.25825384713372E-03
# BUILDBOT: XCPLTENSOR:  XC-coupling constants J_ij  for ITAUIJ,ITAUJI =   58   32
 -1.91300800435997E+00
 -1.92550773042584E+00
  2.25825378710173E-03
  2.25825390582478E-03
# BUILDBOT: XCPLTENSOR:  XC-coupling constants J_ij  for ITAUIJ,ITAUJI =   73   17
 -1.91300800458987E+00
 -1.92550773065769E+00
 -2.25825464630770E-03
 -2.25825304302552E-03
# BUILDBOT: XCPLTENSOR:  XC-coupling constants J_ij  for ITAUIJ,ITAUJI =   78   12
 -1.92550773046778E+00
 -1.91300800439897E+00
  2.25825384472931E-03
  2.25825384692795E-03
# BUILDBOT: XCPLTENSOR:  XC-coupling constants J_ij  for ITAUIJ,ITAUJI =   82    8
 -1.92550773065773E+00
 -1.91300800458983E+00
 -2.25825464650967E-03
 -2.25825304323861E-03
# BUILDBOT: XCPLTENSOR:  XC-coupling constants J_ij  for ITAUIJ,ITAUJI =   66   24
 -1.93495898828838E+00
 -1.93495898828830E+00
 -3.62713601272366E-03
 -3.62713607208448E-03
# BUILDBOT: XCPLTENSOR:  XC-coupling constants J_ij  for ITAUIJ,ITAUJI =   71   19
 -1.93495898831938E+00
 -1.93495898832171E+00
  3.62713601308399E-03
  3.62713607179604E-03
# BUILDBOT: XCPLTENSOR:  XC-coupling constants J_ij  for ITAUIJ,ITAUJI =   80   10
 -1.93495898832162E+00
 -1.93495898831944E+00
  3.62713601308736E-03
  3.62713607179257E-03
# BUILDBOT: XCPLTENSOR:  XC-coupling constants J_ij  for ITAUIJ,ITAUJI =   84    6
 -1.93495898851424E+00
 -1.93495898851417E+00
 -3.62713686663950E-03
 -3.62713521513914E-03
# BUILDBOT: XCPLTENSOR:  XC-coupling constants J_ij  for ITAUIJ,ITAUJI =    5   85
  4.59675005150979E-01
  4.59675005151626E-01
 -2.50773762859172E-02
 -2.50773734511361E-02
# BUILDBOT: XCPLTENSOR:  XC-coupling constants J_ij  for ITAUIJ,ITAUJI =   13   77
  4.59675004085015E-01
  4.59675004082592E-01
  2.50773743911508E-02
  2.50773753463568E-02
# BUILDBOT: XCPLTENSOR:  XC-coupling constants J_ij  for ITAUIJ,ITAUJI =   36   54
  4.59675004083214E-01
  4.59675004084346E-01
  2.50773743911792E-02
  2.50773753463286E-02
# BUILDBOT: XCPLTENSOR:  XC-coupling constants J_ij  for ITAUIJ,ITAUJI =   47   43
  4.59675004094523E-01
  4.59675004095171E-01
 -2.50773745531454E-02
 -2.50773751852236E-02
# BUILDBOT: XCPLTENSOR:  XC-coupling constants J_ij  for ITAUIJ,ITAUJI =   43   47
  4.59675004094523E-01
  4.59675004095171E-01
 -2.50773751852237E-02
 -2.50773745531453E-02
# BUILDBOT: XCPLTENSOR:  XC-coupling constants J_ij  for ITAUIJ,ITAUJI =   54   36
  4.59675004083214E-01
  4.59675004084346E-01
  2.50773753463282E-02
  2.50773743911793E-02
# BUILDBOT: XCPLTENSOR:  XC-coupling constants J_ij  for ITAUIJ,ITAUJI =   77   13
  4.59675004085015E-01
  4.59675004082592E-01
  2.50773753463564E-02
  2.50773743911510E-02
# BUILDBOT: XCPLTENSOR:  XC-coupling constants J_ij  for ITAUIJ,ITAUJI =   85    5
  4.59675005150978E-01
  4.59675005151626E-01
 -2.50773734511360E-02
 -2.50773762859169E-02
# BUILDBOT: XCPLTENSOR:  XC-coupling constants J_ij  for ITAUIJ,ITAUJI =    7   83
  3.21372156548689E-01
  3.21372156548688E-01
 -8.78148802885835E-11
  8.68457266689927E-11
# BUILDBOT: XCPLTENSOR:  XC-coupling constants J_ij  for ITAUIJ,ITAUJI =   11   79
  2.32532961968853E-01
  2.29859050354179E-01
 -4.25514264628467E-11
  4.23248991619698E-11
# BUILDBOT: XCPLTENSOR:  XC-coupling constants J_ij  for ITAUIJ,ITAUJI =   34   56
  2.29859050354187E-01
  2.32532961968860E-01
 -4.25430335728853E-11
  4.23371748186136E-11
# BUILDBOT: XCPLTENSOR:  XC-coupling constants J_ij  for ITAUIJ,ITAUJI =   56   34
  2.29859050354187E-01
  2.32532961968860E-01
  4.23372901343007E-11
 -4.25431785263181E-11
# BUILDBOT: XCPLTENSOR:  XC-coupling constants J_ij  for ITAUIJ,ITAUJI =   79   11
  2.32532961968853E-01
  2.29859050354179E-01
  4.23250672651616E-11
 -4.25515195767237E-11
# BUILDBOT: XCPLTENSOR:  XC-coupling constants J_ij  for ITAUIJ,ITAUJI =   83    7
  3.21372156548689E-01
  3.21372156548688E-01
  8.68458407647250E-11
 -8.78148818141700E-11
# BUILDBOT: XCPLTENSOR:  XC-coupling constants J_ij  for ITAUIJ,ITAUJI =    1   89
 -4.63692720856116E-01
 -4.83413761195063E-01
 -4.19995989536094E-03
 -4.19996033348239E-03
# BUILDBOT: XCPLTENSOR:  XC-coupling constants J_ij  for ITAUIJ,ITAUJI =    2   88
 -4.63692720777365E-01
 -4.83413761117663E-01
  4.19996008005942E-03
  4.19996014994416E-03
# BUILDBOT: XCPLTENSOR:  XC-coupling constants J_ij  for ITAUIJ,ITAUJI =    3   87
 -4.83413761194985E-01
 -4.63692720856160E-01
 -4.19995989531664E-03
 -4.19996033344773E-03
# BUILDBOT: XCPLTENSOR:  XC-coupling constants J_ij  for ITAUIJ,ITAUJI =   14   76
 -4.83413761050678E-01
 -4.63692720709730E-01
  4.19996012007294E-03
  4.19996010875156E-03
# BUILDBOT: XCPLTENSOR:  XC-coupling constants J_ij  for ITAUIJ,ITAUJI =   16   74
 -4.83413761117736E-01
 -4.63692720777315E-01
  4.19996008010147E-03
  4.19996014998074E-03
# BUILDBOT: XCPLTENSOR:  XC-coupling constants J_ij  for ITAUIJ,ITAUJI =   29   61
 -4.83413761053846E-01
 -4.63692720713950E-01
 -4.19996010888582E-03
 -4.19996012261513E-03
# BUILDBOT: XCPLTENSOR:  XC-coupling constants J_ij  for ITAUIJ,ITAUJI =   37   53
 -4.63692720709778E-01
 -4.83413761050603E-01
  4.19996012002730E-03
  4.19996010871850E-03
# BUILDBOT: XCPLTENSOR:  XC-coupling constants J_ij  for ITAUIJ,ITAUJI =   42   48
 -4.63692720713903E-01
 -4.83413761053922E-01
 -4.19996010892475E-03
 -4.19996012265512E-03
# BUILDBOT: XCPLTENSOR:  XC-coupling constants J_ij  for ITAUIJ,ITAUJI =    4   86
 -4.58533625031279E-01
 -4.58533625031302E-01
  1.10923210711726E-02
  1.10923206380770E-02
# BUILDBOT: XCPLTENSOR:  XC-coupling constants J_ij  for ITAUIJ,ITAUJI =   15   75
 -4.58533624889224E-01
 -4.58533624888197E-01
 -1.10923208519865E-02
 -1.10923208589972E-02
# BUILDBOT: XCPLTENSOR:  XC-coupling constants J_ij  for ITAUIJ,ITAUJI =   57   33
 -4.58533624888218E-01
 -4.58533624889199E-01
 -1.10923208519941E-02
 -1.10923208589893E-02
# BUILDBOT: XCPLTENSOR:  XC-coupling constants J_ij  for ITAUIJ,ITAUJI =   70   20
 -4.58533624956853E-01
 -4.58533624956876E-01
  1.10923209049044E-02
  1.10923208075369E-02
# BUILDBOT: XCPLTENSOR:  XC-coupling constants J_ij  for ITAUIJ,ITAUJI =   20   70
 -4.58533624956853E-01
 -4.58533624956876E-01
  1.10923208075369E-02
  1.10923209049044E-02
# BUILDBOT: XCPLTENSOR:  XC-coupling constants J_ij  for ITAUIJ,ITAUJI =   33   57
 -4.58533624888218E-01
 -4.58533624889200E-01
 -1.10923208589893E-02
 -1.10923208519941E-02
# BUILDBOT: XCPLTENSOR:  XC-coupling constants J_ij  for ITAUIJ,ITAUJI =   75   15
 -4.58533624889224E-01
 -4.58533624888197E-01
 -1.10923208589972E-02
 -1.10923208519865E-02
# BUILDBOT: XCPLTENSOR:  XC-coupling constants J_ij  for ITAUIJ,ITAUJI =   86    4
 -4.58533625031279E-01
 -4.58533625031302E-01
  1.10923206380770E-02
  1.10923210711726E-02
# BUILDBOT: XCPLTENSOR:  XC-coupling constants J_ij  for ITAUIJ,ITAUJI =   48   42
 -4.63692720713903E-01
 -4.83413761053922E-01
 -4.19996012265510E-03
 -4.19996010892476E-03
# BUILDBOT: XCPLTENSOR:  XC-coupling constants J_ij  for ITAUIJ,ITAUJI =   53   37
 -4.63692720709778E-01
 -4.83413761050603E-01
  4.19996010871848E-03
  4.19996012002731E-03
# BUILDBOT: XCPLTENSOR:  XC-coupling constants J_ij  for ITAUIJ,ITAUJI =   61   29
 -4.83413761053846E-01
 -4.63692720713950E-01
 -4.19996012261514E-03
 -4.19996010888580E-03
# BUILDBOT: XCPLTENSOR:  XC-coupling constants J_ij  for ITAUIJ,ITAUJI =   74   16
 -4.83413761117736E-01
 -4.63692720777315E-01
  4.19996014998070E-03
  4.19996008010145E-03
# BUILDBOT: XCPLTENSOR:  XC-coupling constants J_ij  for ITAUIJ,ITAUJI =   76   14
 -4.83413761050678E-01
 -4.63692720709730E-01
  4.19996010875157E-03
  4.19996012007294E-03
# BUILDBOT: XCPLTENSOR:  XC-coupling constants J_ij  for ITAUIJ,ITAUJI =   87    3
 -4.83413761194985E-01
 -4.63692720856160E-01
 -4.19996033344778E-03
 -4.19995989531668E-03
# BUILDBOT: XCPLTENSOR:  XC-coupling constants J_ij  for ITAUIJ,ITAUJI =   88    2
 -4.63692720777365E-01
 -4.83413761117663E-01
  4.19996014994415E-03
  4.19996008005942E-03
# BUILDBOT: XCPLTENSOR:  XC-coupling constants J_ij  for ITAUIJ,ITAUJI =   89    1
 -4.63692720856116E-01
 -4.83413761195063E-01
 -4.19996033348244E-03
 -4.19995989536094E-03
