#
#  run of KKRGEN  on    24/08/2025    at   17:46:48
#
#  TASK             TORQUE    
#  GIT_BRANCH        not initialized
#  GIT_HASH          not initialized
#  GIT_COMPILE_DATE TEST TEST TEST TEST CEST 2025
#
# BUILDBOT: CALCDOS:  DOS         for IE, E =    1    -0.19995
  3.12735422731464E-03
  3.86795563935144E-03
  1.88091225019022E-02
  2.75743872744146E-03
  3.70211209529087E-03
  1.34539161770283E-02
# BUILDBOT: CALCDOS:  DOS-kappa   for IE, E =    1    -0.19995
  5.88479295475610E-03
  7.57006773464231E-03
  3.22630386789305E-02
  5.88479295475610E-03
  2.52307664192073E-03
  5.04699109272158E-03
  1.30784485783999E-02
  1.91845901005305E-02
# BUILDBOT: CALCDOS:  T_z - term  for IE, E =    1    -0.19995
  3.69915499873183E-04
  1.65843544060566E-04
  5.35520632487394E-03
 -1.35120889902786E-08
 -3.26595104131744E-06
 -8.57354134790652E-05
  0.00000000000000E+00
 -4.08779481618493E-09
  3.63223806569384E-07
# BUILDBOT: CALCDOS:  DOS         for IE, E =    2    -0.19872
  1.62802966821910E-02
  2.01480898803748E-02
  9.80354858378970E-02
  1.43596658294298E-02
  1.92840559692310E-02
  7.01279976912035E-02
# BUILDBOT: CALCDOS:  DOS-kappa   for IE, E =    2    -0.19872
  3.06399625116208E-02
  3.94321458496058E-02
  1.68163483529100E-01
  3.06399625116208E-02
  1.31429398400858E-02
  2.62892060095200E-02
  6.81682478410441E-02
  9.99952356880563E-02
# BUILDBOT: CALCDOS:  T_z - term  for IE, E =    2    -0.19872
  1.92063085276115E-03
  8.64033911143827E-04
  2.79074881466935E-02
 -7.01990600144971E-08
 -1.69823610313476E-05
 -4.46553452076018E-04
  0.00000000000000E+00
 -2.09082807417320E-08
  1.89155867275168E-06
# BUILDBOT: CALCDOS:  DOS         for IE, E =    3    -0.19258
  3.90433788554330E-02
  4.84659767796762E-02
  2.36531766779714E-01
  3.44971102827954E-02
  4.63857436455650E-02
  1.69253488217819E-01
# BUILDBOT: CALCDOS:  DOS-kappa   for IE, E =    3    -0.19258
  7.35404891382284E-02
  9.48517204252411E-02
  4.05785254997532E-01
  7.35404891382284E-02
  3.16186940744096E-02
  6.32330263508315E-02
  1.64491728592319E-01
  2.41293526405213E-01
# BUILDBOT: CALCDOS:  T_z - term  for IE, E =    3    -0.19258
  4.54626857263757E-03
  2.08023313411117E-03
  6.72782785618947E-02
 -1.66678229837384E-07
 -4.04966011921214E-05
 -1.07365420470135E-03
  0.00000000000000E+00
 -4.57074949373679E-08
  4.54456209876553E-06
# BUILDBOT: CALCDOS:  DOS NOS SMT OMT BND for IT =    1
  1.80083986275420E+01
  8.00000000000000E+00
  2.32069647064527E+00
  5.96459548902723E-02
  4.48139856218056E+00
# BUILDBOT: TORQUE:  magnetic torque  for sites IQ =    1 ..    1
  9.97642511851085E-18
