 

          **************************************************************
          *                                                            *
          *        ****   *****   *****   *    *  *    *  *****        *
          *       *    *  *    *  *    *  *   *   *   *   *    *       *
          *       *       *    *  *    *  *  *    *  *    *    *       *
          *        ****   *****   *****   * *     * *     *****        *
          *            *  *       *  *    ** *    ** *    *  *         *
          *       *    *  *       *   *   *   *   *   *   *   *        *
          *        ****   *       *    *  *    *  *    *  *    *       *
          *                                                            *
          *------------------------------------------------------------*
          *       KKRGEN  VERSION  9.4            (C) 2025  H. Ebert   *
          **************************************************************


          programm execution  on    24/08/2025    at   17:46:48


          input file       : standard input


 *******************************************************************************
                                 <GETLRECREAL>
 *******************************************************************************

          record length parameter for REAL's   LRECREAL8 =  8
          a double precision real*8 is stored in 8 Bytes              



 *******************************************************************************
                                    <POTRD2>
 *******************************************************************************


          system dimension: 3D        
          system type:      BULK                          
          SCF status:       CONVERGED 



 *******************************************************************************
                               <INIT_MOD_LATTICE>
 *******************************************************************************

          initialize the module <MOD_LATTICE> according to SYSDIM = 3D

          set up basis vectors for reciprocal space 


          real space Bravais lattice: cubic       body-centered  m3m    O_h 

          primitive vectors for real space Bravais lattice

            (  -0.50000,   0.50000,   0.50000 )
            (   0.50000,  -0.50000,   0.50000 )
            (   0.50000,   0.50000,  -0.50000 )

          basis vectors in units of a

            (   0.00000,   0.00000,   0.00000 )

          primitive vectors of reciprocal space Bravais lattice
                 in units of 2*pi/a

            (   0.00000,   1.00000,   1.00000 )
            (   1.00000,   0.00000,   1.00000 )
            (   1.00000,   1.00000,   0.00000 )


 *******************************************************************************
                                   <SYMINIT>
 *******************************************************************************

          set up possible symmetry operations for the 
          real space Bravais lattice: cubic       body-centered  m3m    O_h 

          crystal system   7     CUB

          symmetry operations to scan       NSYM  48
          maximum possible symmetry operations    48

           T T T T T T T T T T T T T T T T T T T T T T T T
           T T T T T T T T T T T T T T T T T T T T T T T T


 *******************************************************************************
                                  <SYMLATTICE>
 *******************************************************************************

          find out symmetry properties of the lattice


          crystal system accepted symmetry operations      48
          accepted symmetry operations   NSYMACCEPTED       8
          operations NSYM (loops)        NSYM              48
          operations NSYM w/o INV        NSYM_WO_INV       24


       I    Euler angles  INV SYMBOL TIM     shift  ->DQ     Q' 
       1     0    0    0       E           0.00  0.00  0.00   1
       3     0  180    0       C2y    T    0.00  0.00  0.00   1
      21     0   90  180       C2c         0.00  0.00  0.00   1
      23   180   90    0       C2e    T    0.00  0.00  0.00   1
      25     0    0    0   I   I           0.00  0.00  0.00   1
      27     0  180    0   I   sy     T    0.00  0.00  0.00   1
      45     0   90  180   I   sdc         0.00  0.00  0.00   1
      47   180   90    0   I   sde    T    0.00  0.00  0.00   1

          the detected   8 symmetry operations form a group


          BZ-wedges to be treated  NWEDGE   6
          created by operations  
           1  E       2  C2x     5  C+31    7  C+33    9  C-31   10  C-32


 *******************************************************************************
                                    <SYMROT>
 *******************************************************************************

          set up of rotation matrices  DROT  for IREL = 3

          CHECK of rotation matrices   DROT  for COMPLEX spherical harmonics
          comparison of analytical and numerical results
          out of  1944 elements     0 deviate more than TOL =   1.0E-08
          maximum deviation found:    2.5E-14



 *******************************************************************************
                                  <INIT_RADII>
 *******************************************************************************


                   muffin tin and Wigner-Seitz radii

                   IM    RMT               RWS     final setting in  <INIT_RADII>
                    1  2.34845044272885  2.67038919691684


 *******************************************************************************
                                 <POTRDSPR>
 *******************************************************************************

          POTFMTINP =  9

 SPR-KKR dataset created by KKRSCF                                               

          radial mesh parameters:

          IM    JRMT   R(JRMT)    RMT      JRWS    RWS       DX
           1    714   2.31257   2.34845    721   2.67039   0.020552409

          Bravais lattice:                cubic       body-centered
          lattice constant  ALAT               5.42351
          number of sites   NQ                       1
          average Wigner-Seitz radius          2.67039



          potential data for IT =  1 ..   1
          =================================

    1    0.000001  -51.999816    0.000000
   31    0.000002  -51.999659    0.000000
   61    0.000003  -51.999367    0.000000
   91    0.000006  -51.998824    0.000000
  121    0.000012  -51.997818    0.000000
  151    0.000022  -51.995949    0.000000
  181    0.000040  -51.992480    0.000000
  211    0.000075  -51.986040    0.000000
  241    0.000139  -51.974082    0.000000
  271    0.000257  -51.951869    0.000000
  301    0.000476  -51.910585    0.000000
  331    0.000882  -51.833781    0.000001
  361    0.001634  -51.690694    0.000001
  391    0.003027  -51.423703    0.000002
  421    0.005608  -50.925576    0.000003
  451    0.010390  -50.003222    0.000006
  481    0.019248  -48.341587    0.000009
  511    0.035658  -45.523296    0.000014
  541    0.066059  -41.110041    0.000017
  571    0.122378  -34.785915   -0.000330
  601    0.226714  -26.722773   -0.005197
  631    0.420003  -17.792806   -0.052028
  661    0.778084   -8.977690   -0.081238
  691    1.441453   -2.640902   -0.081695
  721    2.670389    0.063239    0.014927
  721    2.670389    0.063239    0.014927
  

                   spin-polarized calculation

                   SELFENERGY applied:NONE      


   number of lattice sites (NQ):   1

   site NL mesh MGAM MTET MPHI   RWS  CPA NOQ IT ELMT VAL CONC QREP SYMG eq.sit.
     1   3   1     0   45    0 2.6704  0   1                     1    1   1
                                               1 Fe     8 1.00
   average                     2.6704          total    8.00

   KMROT:     2   global M-rotation      MOMENTS_ROTATED:  T
   QMVEC:   0.000  0.000  0.000



   number of atomic types  (NT):   1

   type TXTT   NL VAL COR mesh    RMT     RWS   NAT  CONC  on sites
     1  Fe      3   8  18   1   2.3485  2.6704   1  1.000   1




 mmmmmmmmmmmmmmmmmmmmmmmmmmmmmmmmmmmmmmmmmmmmmmmmmmmmmmmmmmmmmmmmmmmmmmmmmmmmmmm

          FULLY relativistic calculation 

          the magnetization is rotated globally using the Euler angles 

          ALF =   0.000   BET =  45.000   GAM =   0.000

          the  BREIT interaction  will be ignored

          the  ORBITAL POLARISATION  will be ignored

          solver for     spherical Dirac equation: BS           TOL = 2.0E-08

          solver for spherical equation:     BS        

 *******************************************************************************
                                 <TAU_DIR_INQUIRE>
 *******************************************************************************

          checking whether TAU - data are available

          TAU-info file Fe_TORQUE.tau.dir/info  NOT available
          in TAU directory Fe_TORQUE.tau.dir


 *******************************************************************************
          TAU - directory is empty >> TAU - directory will be created 
 *******************************************************************************



          SWS =  2.670389     ALAT =  5.423514

          NQ =  1     NL =  3     NLM =   9   NQ*NLM =   9
                      NK =  5     NKM =  18     NKKR =  18     NLIN =  30

          POTFMTINP = 9     POTFMTOUT = 9
          RDTAU     = F
          WRTAU     = T
          PLOTPOT   = F     PLOTRHO   = F     PLOTSFN   = F
          PLOT2DPOT = F     PLOT2DRHO = F
          IPRINT    = 0     ITEST     = 0     WRMAT     = F
          INITELOOP = T     RUNELOOP  = T     SPLITSS   = F
          adjusted          BRAVAIS   = F
          symmetrized       BASIS     = F
          optimized         BASIS     = F
          NO_SYM for        HOST      = F     CLU       = F     LINRESP   = F
          symmetrize        MSS       = T     TAU       = F
                            RHO       = T     POT       = F
          LLOYD      = F
          GF_CONV_RH = F
          NONMAG     = F
          FULLPOT    = F
          FULLCHARGE = F

          TASK       = TORQUE    

          CALC    FMAG:    F    JXC:     F    DMI:     F    JALF:    F    ORB:    F
                  TORQUE: T    BSDOSIJ:  F

          SYSDIM     = 3D        
          SYSTYPE    = BULK                          
          SUBSYSTEM  = BULK                          
          KKRMODE    = STANDARD-KKR                  

 eeeeeeeeeeeeeeeeeeeeeeeeeeeeeeeeeeeeeeeeeeeeeeeeeeeeeeeeeeeeeeeeeeeeeeeeeeeeeee

          energy path:  ARC IN COMPLEX PLANE - LOGARITHMIC      
          energies  :          36
          E_min     :   -0.200000
          E_max     :    0.716363
          Im(E)     :    0.000000
          E_Fermi   :    0.716363
  

 *******************************************************************************
                                 <TAU_DIR_INIT>
 *******************************************************************************

          TAU-info file and TAU directory Fe_TORQUE.tau.dir created


 *******************************************************************************
                                   <STRINIT>
 *******************************************************************************

          parameters for calculation of structure constants:

          primitive vectors for Bravais lattice

            (  -0.50000,   0.50000,   0.50000 )
            (   0.50000,  -0.50000,   0.50000 )
            (   0.50000,   0.50000,  -0.50000 )

          basis vectors in units of a

            (   0.00000,   0.00000,   0.00000 )

          primitive vectors of reciprocal space
                 in units of 2*pi/a

            (   0.00000,   1.00000,   1.00000 )
            (   1.00000,   0.00000,   1.00000 )
            (   1.00000,   1.00000,   0.00000 )

          number of inequivalent QQP-block-matrices  NQQP_STR     =       1
          reduced number of inequiv. block-matrices  NQQP_STR_RED =       1



          RMAX  =    3.0388          GMAX  =    3.6179
          RMAX1 =    0.0000          GMAX1 =    1.4142
          RA    =    3.0388          GA    =    3.6179

          NUMR  =         9          NUMG  =         7
          NRDL  =       259          NGRL  =       225

          for LMAX = 2    96 non-zero GAUNTS tabulated


 *******************************************************************************
            array sizes for calculation of structure constants
 *******************************************************************************
                                          used              available
          G-vectors table       NGRL       225        NGRLMAX     729
          R-vectors table       NRDL       259        NRDLMAX    1331
          R-vectors (max.)      SMAX       259        NSDL        259
          R-vectors (min.)      SMAX       259
          l-max + 1             NL           3        NLMAX         3
          sites                 NQ_STR       1        NQMAX         1
          q-q'-blocks           NQQP_STR     1        LIMIT         1
          auxilary array        R123MAX      4
          auxilary array        G123MAX      3
          Davis eq. (13)        J13MAX     113        LIMIT       300
          Davis eq. (22)        J22MAX      30        LIMIT       150
          Gaunts                LRGNT12     45
          Gaunts                LRGNT123    96
          Ewald parameter       ETA       0.31
 *******************************************************************************


          <INIT_MOD_STR>: section 1 of module MOD_STR initialized
          allocated         586  integers        101842  reals (incl. complex)
          corresp. to         0  Mbytes               0  Mbytes


 ttttttttttttttttttttttttttttttttttttttttttttttttttttttttttttttttttttttttttttttt

          parameters for k-space integration:
          NWEDGE:   6  wedges:  1  2  5  7  9 10
          regular k-mesh used for point sampling

          k-vectors to start  NKPTS0             12000
          k-vectors full BZ   NKTAB_FULL_BZ      10648
          mesh parameters     NBGL                22   22   22
          k-vectors created   NKTAB               1530
          array size (NKTABMAX)                   2160



          ****************************
          no CPA-iteration required
          ****************************


 fffffffffffffffffffffffffffffffffffffffffffffffffffffffffffffffffffffffffffffff

          FILES:

          potential :  ( 4) Fe.pot_new
          TAU       :       Fe_TORQUE.tau.dir
  


 *******************************************************************************
                                 <OCC_WGT_INIT>
 *******************************************************************************



  ATOM   IT      :     1
  ATOMIC NUMBER  :    26

  IT          MUE  KAP ITER      ENERGY         <S_z>         <B_xc> (Ry)  
   1   1s1/2 -1/2  -1   1    -511.87352896    -0.98837808     0.00020929
                 0.00020929  -511.87331967
   1   1s1/2  1/2  -1   1    -511.87352896     0.98837808    -0.00020929
                -0.00020929  -511.87373824     0.00000000
   1   2s1/2 -1/2  -1   1     -58.82579425    -0.99786903     0.04718187
                 0.04718187   -58.77861238
   1   2s1/2  1/2  -1   1     -58.82579425     0.99786903    -0.04718187
                -0.04718187   -58.87297612     0.00000000
   1   2p3/2 -3/2  -2   1     -49.71092963    -0.99749954     0.03665724
                 0.03665724   -49.67427239
   1   2p3/2 -1/2  -2   1     -49.71092963    -0.33249985     0.01221908     0.03416467
                 0.01221908   -49.69871055
                 0.00127560   -49.69743495
                -0.00001703   -49.69745198
   1   2p1/2 -1/2   1   1     -50.62597012     0.33122015    -0.01192503     0.03416467
                -0.01192503   -50.63789515
                -0.00127560   -50.63917075
                 0.00001662   -50.63915412
   1   2p3/2  1/2  -2   1     -49.71092963     0.33249985    -0.01221908     0.03416467
                -0.01221908   -49.72314871
                 0.00127560   -49.72187311
                 0.00001703   -49.72185608
   1   2p1/2  1/2   1   1     -50.62597012    -0.33122015     0.01192503     0.03416467
                 0.01192503   -50.61404508
                -0.00127560   -50.61532068
                -0.00001662   -50.61533731
   1   2p3/2  3/2  -2   1     -49.71092963     0.99749954    -0.03665724
                -0.03665724   -49.74758687     0.00000000
   1   3s1/2 -1/2  -1   1      -5.59458981    -0.99953504     0.09545817
                 0.09545817    -5.49913164
   1   3s1/2  1/2  -1   1      -5.59458981     0.99953504    -0.09545817
                -0.09545817    -5.69004798     0.00000000
   1   3p3/2 -3/2  -2   1      -3.09317519    -0.99951528     0.09208786
                 0.09208786    -3.00108733
   1   3p3/2 -1/2  -2   1      -3.09317519    -0.33317176     0.03069595     0.08713344
                 0.03069595    -3.06247924
                 0.06681516    -2.99566408
                -0.01804934    -3.01371343
   1   3p1/2 -1/2   1   1      -3.20680564     0.33292189    -0.03090626     0.08713344
                -0.03090626    -3.23771189
                -0.06681516    -3.30452705
                 0.01817300    -3.28635405
   1   3p3/2  1/2  -2   1      -3.09317519     0.33317176    -0.03069595     0.08713344
                -0.03069595    -3.12387115
                 0.06681516    -3.05705599
                 0.01804934    -3.03900664
   1   3p1/2  1/2   1   1      -3.20680564    -0.33292189     0.03090626     0.08713344
                 0.03090626    -3.17589938
                -0.06681516    -3.24271454
                -0.01817300    -3.26088755
   1   3p3/2  3/2  -2   1      -3.09317519     0.99951528    -0.09208786
                -0.09208786    -3.18526305    -0.00000000

  ATOM   IT      :     1
  ATOMIC NUMBER  :    26

  IT          MUE  KAP ITER      ENERGY        B (k-Gauss)      <S_z>  
   1   1s1/2 -1/2  -1   6    -511.87331860     -2973207.396    -0.988
   1   1s1/2  1/2  -1   2    -511.87373933      2973187.679     0.988
                                                    -19.717     0.000

   1   2s1/2 -1/2  -1   6     -58.77861435      -276822.698    -0.998
   1   2s1/2  1/2  -1   3     -58.87301723       276281.197     0.998
                                                   -541.501     0.000

   1   2p3/2 -3/2  -2   8     -49.67423421       -46592.840    -0.997
   1   2p3/2 -1/2  -2   4     -49.69747325       -14591.740    -0.400
   1   2p1/2 -1/2   1   5     -50.63916680       -83515.869     0.399
   1   2p3/2  1/2  -2   4     -49.72188540        16687.600     0.260
   1   2p1/2  1/2   1   4     -50.61536661        81513.048    -0.258
   1   2p3/2  3/2  -2   3     -49.74767200        46501.564     0.998
                                                      1.763     0.000

   1   3s1/2 -1/2  -1  11      -5.49916561       -40099.013    -1.000
   1   3s1/2  1/2  -1   4      -5.69007321        40410.407     1.000
                                                    311.395    -0.000

   1   3p3/2 -3/2  -2  13      -3.00121525        -5775.867    -1.000
   1   3p3/2 -1/2  -2   4      -3.02665918        -1924.393    -0.901
   1   3p1/2 -1/2   1   5      -3.27369027       -10414.924     0.900
   1   3p3/2  1/2  -2   5      -3.05906513         6563.919    -0.807
   1   3p1/2  1/2   1   6      -3.24081275         5705.713     0.808
   1   3p3/2  3/2  -2   4      -3.18527179         5844.876     1.000
                                                     -0.675    -0.000

  ---------------------------------------------------------
                                                   -248.736
                                      (S)          -249.824
  *********************************************************


          integrated core charge density for atom type    1: 18.00000000
          integrated core  spin  density for atom type    1: -0.00001420


 *******************************************************************************
                                 <THERMAL_INIT>
 *******************************************************************************


     No. of displacements:           1
     mode to set dirs INIT_SVEC      0
     type-dependent  RMSU_SCALE      F
     Debye temperature:         420.00 [K]

     FLUCT_DIR_SETTING: not set   
     allowed input: SETFLUCT = M_T, MCS, RDLM, MLIN
     N_TEMP_LAT:                 1
     TEMP_LAT_MIN:           0.000
     TEMP_LAT_MAX:           0.000

       1 temperatures in the range  T =     0.00 --     0.00 [K]

     NO thermal lattice vibrations NOR spin fluctuations to deal with

     setting of parameters and array dimensions

     NVIBFLU  =     1      NT      =     1
     NVT      =     1      NVTMAX  =     1
     NFT      =     1      NFTMAX  =     1
     NVFT     =     1      NVFTMAX =     1


   1 E=-0.2000 0.0066          IT=   1  Fe      
               DOS  [1/Ry]  |  m_spin  [m_B]  |  m_orb   [m_B]  |   B_tot   [kG]
 INT  GF           0.12342           0.00687          -0.00006           3.36938
 TOT  GF           0.04572           0.00589          -0.00009           1.77409
 ===============================================================================

        A  J     (-)

          #|   2|   4|   6   8|  10  12|  14  16  18|
           | 1  | 3  | 5   7  | 9  11  |13  15  17  |
         --|----|----|--------|--------|------------|
          1|   A|    |        |        |            |  1
          2|    |    |        |        |            |  2
         --|----|----|--------|--------|------------|
          3|    |   A|        |        |            |  3
          4|    |    |        |        |            |  4
         --|----|----|--------|--------|------------|
          5|    |    |   B    |        |            |  5
          6|    |    |     C  |        |            |  6
          7|    |    |       B|        |            |  7
          8|    |    |        |        |            |  8
         --|----|----|--------|--------|------------|
          9|    |    |        |   B    |            |  9
         10|    |    |        |     C  |            | 10
         11|    |    |        |       B|            | 11
         12|    |    |        |        |            | 12
         --|----|----|--------|--------|------------|
         13|    |    |        |        |   D        | 13
         14|    |    |        |        |     E      | 14
         15|    |    |        |        |       F    | 15
         16|    |    |        |        |         E  | 16
         17|    |    |        |        |           D| 17
         18|    |    |        |        |            | 18
         --|----|----|--------|--------|------------|
           | 1  | 3  | 5   7  | 9  11  |13  15  17  |
          #|   2|   4|   6   8|  10  12|  14  16  18|

        symbols used:
          1   A        0.707106781187      0.000000000000
          2   B        1.224744871392      0.000000000000
          3   C        1.414213562373      0.000000000000
          4   D        1.581138830084      0.000000000000
          5   E        2.000000000000      0.000000000000
          6   F        2.121320343560      0.000000000000

           13 elements   >  1.0E-08
          311 elements   <  1.0E-08

        the matrix is  SYMMETRIC   (within TOL)
        the matrix is  REAL        (within TOL)
  

        A  J     (z)

          #|   2|   4|   6   8|  10  12|  14  16  18|
           | 1  | 3  | 5   7  | 9  11  |13  15  17  |
         --|----|----|--------|--------|------------|
          1| A  |    |        |        |            |  1
          2|  -A|    |        |        |            |  2
         --|----|----|--------|--------|------------|
          3|    | A  |        |        |            |  3
          4|    |  -A|        |        |            |  4
         --|----|----|--------|--------|------------|
          5|    |    | B      |        |            |  5
          6|    |    |   A    |        |            |  6
          7|    |    |    -A  |        |            |  7
          8|    |    |      -B|        |            |  8
         --|----|----|--------|--------|------------|
          9|    |    |        | B      |            |  9
         10|    |    |        |   A    |            | 10
         11|    |    |        |    -A  |            | 11
         12|    |    |        |      -B|            | 12
         --|----|----|--------|--------|------------|
         13|    |    |        |        | C          | 13
         14|    |    |        |        |   B        | 14
         15|    |    |        |        |     A      | 15
         16|    |    |        |        |      -A    | 16
         17|    |    |        |        |        -B  | 17
         18|    |    |        |        |          -C| 18
         --|----|----|--------|--------|------------|
           | 1  | 3  | 5   7  | 9  11  |13  15  17  |
          #|   2|   4|   6   8|  10  12|  14  16  18|

        symbols used:
          1   A       -0.500000000000      0.000000000000
          2   B       -1.500000000000      0.000000000000
          3   C       -2.500000000000      0.000000000000

           18 elements   >  1.0E-08
          306 elements   <  1.0E-08

        the matrix is  DIAGONAL    (within TOL)
        the matrix is  REAL        (within TOL)
  

        A  J     (+)

          #|   2|   4|   6   8|  10  12|  14  16  18|
           | 1  | 3  | 5   7  | 9  11  |13  15  17  |
         --|----|----|--------|--------|------------|
          1|    |    |        |        |            |  1
          2| A  |    |        |        |            |  2
         --|----|----|--------|--------|------------|
          3|    |    |        |        |            |  3
          4|    | A  |        |        |            |  4
         --|----|----|--------|--------|------------|
          5|    |    |        |        |            |  5
          6|    |    | B      |        |            |  6
          7|    |    |   C    |        |            |  7
          8|    |    |     B  |        |            |  8
         --|----|----|--------|--------|------------|
          9|    |    |        |        |            |  9
         10|    |    |        | B      |            | 10
         11|    |    |        |   C    |            | 11
         12|    |    |        |     B  |            | 12
         --|----|----|--------|--------|------------|
         13|    |    |        |        |            | 13
         14|    |    |        |        | D          | 14
         15|    |    |        |        |   E        | 15
         16|    |    |        |        |     F      | 16
         17|    |    |        |        |       E    | 17
         18|    |    |        |        |         D  | 18
         --|----|----|--------|--------|------------|
           | 1  | 3  | 5   7  | 9  11  |13  15  17  |
          #|   2|   4|   6   8|  10  12|  14  16  18|

        symbols used:
          1   A       -0.707106781187      0.000000000000
          2   B       -1.224744871392      0.000000000000
          3   C       -1.414213562373      0.000000000000
          4   D       -1.581138830084      0.000000000000
          5   E       -2.000000000000      0.000000000000
          6   F       -2.121320343560      0.000000000000

           13 elements   >  1.0E-08
          311 elements   <  1.0E-08

        the matrix is  REAL        (within TOL)
  

        A  J     (x)

          #|   2|   4|   6   8|  10  12|  14  16  18|
           | 1  | 3  | 5   7  | 9  11  |13  15  17  |
         --|----|----|--------|--------|------------|
          1|   A|    |        |        |            |  1
          2| A  |    |        |        |            |  2
         --|----|----|--------|--------|------------|
          3|    |   A|        |        |            |  3
          4|    | A  |        |        |            |  4
         --|----|----|--------|--------|------------|
          5|    |    |   B    |        |            |  5
          6|    |    | B   1  |        |            |  6
          7|    |    |   1   B|        |            |  7
          8|    |    |     B  |        |            |  8
         --|----|----|--------|--------|------------|
          9|    |    |        |   B    |            |  9
         10|    |    |        | B   1  |            | 10
         11|    |    |        |   1   B|            | 11
         12|    |    |        |     B  |            | 12
         --|----|----|--------|--------|------------|
         13|    |    |        |        |   D        | 13
         14|    |    |        |        | D   E      | 14
         15|    |    |        |        |   E   F    | 15
         16|    |    |        |        |     F   E  | 16
         17|    |    |        |        |       E   D| 17
         18|    |    |        |        |         D  | 18
         --|----|----|--------|--------|------------|
           | 1  | 3  | 5   7  | 9  11  |13  15  17  |
          #|   2|   4|   6   8|  10  12|  14  16  18|

        symbols used:
          1   A        0.500000000000      0.000000000000
          2   B        0.866025403784      0.000000000000
          3   1        1.000000000000      0.000000000000
          4   D        1.118033988750      0.000000000000
          5   E        1.414213562373      0.000000000000
          6   F        1.500000000000      0.000000000000

           26 elements   >  1.0E-08
          298 elements   <  1.0E-08

        the matrix is  SYMMETRIC   (within TOL)
        the matrix is  REAL        (within TOL)
  

        A  J     (y)

          #|   2|   4|   6   8|  10  12|  14  16  18|
           | 1  | 3  | 5   7  | 9  11  |13  15  17  |
         --|----|----|--------|--------|------------|
          1|   A|    |        |        |            |  1
          2|-A  |    |        |        |            |  2
         --|----|----|--------|--------|------------|
          3|    |   A|        |        |            |  3
          4|    |-A  |        |        |            |  4
         --|----|----|--------|--------|------------|
          5|    |    |   B    |        |            |  5
          6|    |    |-B   i  |        |            |  6
          7|    |    |  -i   B|        |            |  7
          8|    |    |    -B  |        |            |  8
         --|----|----|--------|--------|------------|
          9|    |    |        |   B    |            |  9
         10|    |    |        |-B   i  |            | 10
         11|    |    |        |  -i   B|            | 11
         12|    |    |        |    -B  |            | 12
         --|----|----|--------|--------|------------|
         13|    |    |        |        |   D        | 13
         14|    |    |        |        |-D   E      | 14
         15|    |    |        |        |  -E   F    | 15
         16|    |    |        |        |    -F   E  | 16
         17|    |    |        |        |      -E   D| 17
         18|    |    |        |        |        -D  | 18
         --|----|----|--------|--------|------------|
           | 1  | 3  | 5   7  | 9  11  |13  15  17  |
          #|   2|   4|   6   8|  10  12|  14  16  18|

        symbols used:
          1   A        0.000000000000      0.500000000000
          2   B        0.000000000000      0.866025403784
          3   i        0.000000000000      1.000000000000
          4   D        0.000000000000      1.118033988750
          5   E        0.000000000000      1.414213562373
          6   F        0.000000000000      1.500000000000

           26 elements   >  1.0E-08
          298 elements   <  1.0E-08

        the matrix is  HERMITEAN   (within TOL)
  

        A  J     (z)

          #|   2|   4|   6   8|  10  12|  14  16  18|
           | 1  | 3  | 5   7  | 9  11  |13  15  17  |
         --|----|----|--------|--------|------------|
          1| A  |    |        |        |            |  1
          2|  -A|    |        |        |            |  2
         --|----|----|--------|--------|------------|
          3|    | A  |        |        |            |  3
          4|    |  -A|        |        |            |  4
         --|----|----|--------|--------|------------|
          5|    |    | B      |        |            |  5
          6|    |    |   A    |        |            |  6
          7|    |    |    -A  |        |            |  7
          8|    |    |      -B|        |            |  8
         --|----|----|--------|--------|------------|
          9|    |    |        | B      |            |  9
         10|    |    |        |   A    |            | 10
         11|    |    |        |    -A  |            | 11
         12|    |    |        |      -B|            | 12
         --|----|----|--------|--------|------------|
         13|    |    |        |        | C          | 13
         14|    |    |        |        |   B        | 14
         15|    |    |        |        |     A      | 15
         16|    |    |        |        |      -A    | 16
         17|    |    |        |        |        -B  | 17
         18|    |    |        |        |          -C| 18
         --|----|----|--------|--------|------------|
           | 1  | 3  | 5   7  | 9  11  |13  15  17  |
          #|   2|   4|   6   8|  10  12|  14  16  18|

        symbols used:
          1   A       -0.500000000000      0.000000000000
          2   B       -1.500000000000      0.000000000000
          3   C       -2.500000000000      0.000000000000

           18 elements   >  1.0E-08
          306 elements   <  1.0E-08

        the matrix is  DIAGONAL    (within TOL)
        the matrix is  REAL        (within TOL)
  

        J**2

          #|   2|   4|   6   8|  10  12|  14  16  18|
           | 1  | 3  | 5   7  | 9  11  |13  15  17  |
         --|----|----|--------|--------|------------|
          1| A  |    |        |        |            |  1
          2|   A|    |        |        |            |  2
         --|----|----|--------|--------|------------|
          3|    | A  |        |        |            |  3
          4|    |   A|        |        |            |  4
         --|----|----|--------|--------|------------|
          5|    |    | B      |        |            |  5
          6|    |    |   B    |        |            |  6
          7|    |    |     B  |        |            |  7
          8|    |    |       B|        |            |  8
         --|----|----|--------|--------|------------|
          9|    |    |        | B      |            |  9
         10|    |    |        |   B    |            | 10
         11|    |    |        |     B  |            | 11
         12|    |    |        |       B|            | 12
         --|----|----|--------|--------|------------|
         13|    |    |        |        | C          | 13
         14|    |    |        |        |   C        | 14
         15|    |    |        |        |     C      | 15
         16|    |    |        |        |       C    | 16
         17|    |    |        |        |         C  | 17
         18|    |    |        |        |           C| 18
         --|----|----|--------|--------|------------|
           | 1  | 3  | 5   7  | 9  11  |13  15  17  |
          #|   2|   4|   6   8|  10  12|  14  16  18|

        symbols used:
          1   A        0.750000000000      0.000000000000
          2   B        3.750000000000      0.000000000000
          3   C        8.750000000000      0.000000000000

           18 elements   >  1.0E-08
          306 elements   <  1.0E-08

        the matrix is  DIAGONAL    (within TOL)
        the matrix is  REAL        (within TOL)
  
 U_x   6.1232339957367660E-017
 U_y   1.0000000000000000     
 U_z   6.1232339957367660E-017

        U*J

          #|   2|   4|   6   8|  10  12|  14  16  18|
           | 1  | 3  | 5   7  | 9  11  |13  15  17  |
         --|----|----|--------|--------|------------|
          1|   A|    |        |        |            |  1
          2|-A  |    |        |        |            |  2
         --|----|----|--------|--------|------------|
          3|    |   A|        |        |            |  3
          4|    |-A  |        |        |            |  4
         --|----|----|--------|--------|------------|
          5|    |    |   B    |        |            |  5
          6|    |    |-B   i  |        |            |  6
          7|    |    |  -i   B|        |            |  7
          8|    |    |    -B  |        |            |  8
         --|----|----|--------|--------|------------|
          9|    |    |        |   B    |            |  9
         10|    |    |        |-B   i  |            | 10
         11|    |    |        |  -i   B|            | 11
         12|    |    |        |    -B  |            | 12
         --|----|----|--------|--------|------------|
         13|    |    |        |        |   D        | 13
         14|    |    |        |        |-D   E      | 14
         15|    |    |        |        |  -E   F    | 15
         16|    |    |        |        |    -F   E  | 16
         17|    |    |        |        |      -E   D| 17
         18|    |    |        |        |        -D  | 18
         --|----|----|--------|--------|------------|
           | 1  | 3  | 5   7  | 9  11  |13  15  17  |
          #|   2|   4|   6   8|  10  12|  14  16  18|

        symbols used:
          1   A        0.000000000000      0.500000000000
          2   B        0.000000000000      0.866025403784
          3   i        0.000000000000      1.000000000000
          4   D        0.000000000000      1.118033988750
          5   E        0.000000000000      1.414213562373
          6   F        0.000000000000      1.500000000000

           26 elements   >  1.0E-08
          298 elements   <  1.0E-08

        the matrix is  HERMITEAN   (within TOL)
  

   2 E=-0.1987 0.0342          IT=   1  Fe      
               DOS  [1/Ry]  |  m_spin  [m_B]  |  m_orb   [m_B]  |   B_tot   [kG]
 INT  GF           0.40425           0.02251          -0.00020          11.02108
 TOT  GF           0.23824           0.03069          -0.00046           9.21529
 ===============================================================================

   3 E=-0.1926 0.0821          IT=   1  Fe      
               DOS  [1/Ry]  |  m_spin  [m_B]  |  m_orb   [m_B]  |   B_tot   [kG]
 INT  GF           0.82719           0.04619          -0.00041          22.43409
 TOT  GF           0.57418           0.07390          -0.00111          21.85901
 ===============================================================================

   4 E=-0.1760 0.1464          IT=   1  Fe      
               DOS  [1/Ry]  |  m_spin  [m_B]  |  m_orb   [m_B]  |   B_tot   [kG]
 INT  GF           1.36805           0.07692          -0.00069          36.65656
 TOT  GF           1.03733           0.13319          -0.00200          37.84812
 ===============================================================================

   5 E=-0.1433 0.2208          IT=   1  Fe      
               DOS  [1/Ry]  |  m_spin  [m_B]  |  m_orb   [m_B]  |   B_tot   [kG]
 INT  GF           1.99505           0.11367          -0.00103          52.33283
 TOT  GF           1.60761           0.20543          -0.00305          54.04864
 ===============================================================================

   6 E=-0.0908 0.2968          IT=   1  Fe      
               DOS  [1/Ry]  |  m_spin  [m_B]  |  m_orb   [m_B]  |   B_tot   [kG]
 INT  GF           2.67088           0.15559          -0.00143          67.92172
 TOT  GF           2.26465           0.28707          -0.00416          66.96340
 ===============================================================================

   7 E=-0.0185 0.3652          IT=   1  Fe      
               DOS  [1/Ry]  |  m_spin  [m_B]  |  m_orb   [m_B]  |   B_tot   [kG]
 INT  GF           3.35622           0.20221          -0.00189          82.02086
 TOT  GF           2.99164           0.37450          -0.00521          74.03282
 ===============================================================================

   8 E= 0.0700 0.4178          IT=   1  Fe      
               DOS  [1/Ry]  |  m_spin  [m_B]  |  m_orb   [m_B]  |   B_tot   [kG]
 INT  GF           4.01417           0.25345          -0.00239          93.60493
 TOT  GF           3.77747           0.46393          -0.00600          74.09939
 ===============================================================================

   9 E= 0.1679 0.4492          IT=   1  Fe      
               DOS  [1/Ry]  |  m_spin  [m_B]  |  m_orb   [m_B]  |   B_tot   [kG]
 INT  GF           4.61497           0.30964          -0.00293         102.07117
 TOT  GF           4.61667           0.55095          -0.00628          67.04051
 ===============================================================================

  10 E= 0.2673 0.4581          IT=   1  Fe      
               DOS  [1/Ry]  |  m_spin  [m_B]  |  m_orb   [m_B]  |   B_tot   [kG]
 INT  GF           5.13942           0.37131          -0.00350         107.13920
 TOT  GF           5.50768           0.62994          -0.00564          53.41970
 ===============================================================================

  11 E= 0.3610 0.4465          IT=   1  Fe      
               DOS  [1/Ry]  |  m_spin  [m_B]  |  m_orb   [m_B]  |   B_tot   [kG]
 INT  GF           5.57990           0.43912          -0.00406         108.72086
 TOT  GF           6.45060           0.69376          -0.00354          34.58653
 ===============================================================================

  12 E= 0.4439 0.4189          IT=   1  Fe      
               DOS  [1/Ry]  |  m_spin  [m_B]  |  m_orb   [m_B]  |   B_tot   [kG]
 INT  GF           5.93888           0.51367          -0.00458         106.84719
 TOT  GF           7.44531           0.73373           0.00083          13.09603
 ===============================================================================

  13 E= 0.5133 0.3806          IT=   1  Fe      
               DOS  [1/Ry]  |  m_spin  [m_B]  |  m_orb   [m_B]  |   B_tot   [kG]
 INT  GF           6.22585           0.59540          -0.00500         101.67552
 TOT  GF           8.49020           0.74048           0.00852          -6.90677
 ===============================================================================

  14 E= 0.5689 0.3368          IT=   1  Fe      
               DOS  [1/Ry]  |  m_spin  [m_B]  |  m_orb   [m_B]  |   B_tot   [kG]
 INT  GF           6.45372           0.68454          -0.00522          93.54632
 TOT  GF           9.58144           0.70559           0.02083         -19.73753
 ===============================================================================

  15 E= 0.6115 0.2917          IT=   1  Fe      
               DOS  [1/Ry]  |  m_spin  [m_B]  |  m_orb   [m_B]  |   B_tot   [kG]
 INT  GF           6.63579           0.78099          -0.00513          83.02999
 TOT  GF          10.71260           0.62442           0.03926         -18.94241
 ===============================================================================

  16 E= 0.6433 0.2482          IT=   1  Fe      
               DOS  [1/Ry]  |  m_spin  [m_B]  |  m_orb   [m_B]  |   B_tot   [kG]
 INT  GF           6.78381           0.88433          -0.00460          70.90595
 TOT  GF          11.87389           0.49978           0.06532           1.27328
 ===============================================================================

  17 E= 0.6663 0.2083          IT=   1  Fe      
               DOS  [1/Ry]  |  m_spin  [m_B]  |  m_orb   [m_B]  |   B_tot   [kG]
 INT  GF           6.90706           0.99380          -0.00351          58.05738
 TOT  GF          13.05037           0.34539           0.10025          44.47487
 ===============================================================================

  18 E= 0.6825 0.1729          IT=   1  Fe      
               DOS  [1/Ry]  |  m_spin  [m_B]  |  m_orb   [m_B]  |   B_tot   [kG]
 INT  GF           7.01248           1.10825          -0.00173          45.32093
 TOT  GF          14.21829           0.18770           0.14475         111.02405
 ===============================================================================

  19 E= 0.6938 0.1421          IT=   1  Fe      
               DOS  [1/Ry]  |  m_spin  [m_B]  |  m_orb   [m_B]  |   B_tot   [kG]
 INT  GF           7.10518           1.22615           0.00077          33.35834
 TOT  GF          15.34061           0.06340           0.19863         198.15417
 ===============================================================================

  20 E= 0.7015 0.1159          IT=   1  Fe      
               DOS  [1/Ry]  |  m_spin  [m_B]  |  m_orb   [m_B]  |   B_tot   [kG]
 INT  GF           7.18902           1.34552           0.00399          22.59653
 TOT  GF          16.36486           0.01156           0.26064         300.92711
 ===============================================================================

  21 E= 0.7066 0.0939          IT=   1  Fe      
               DOS  [1/Ry]  |  m_spin  [m_B]  |  m_orb   [m_B]  |   B_tot   [kG]
 INT  GF           7.26692           1.46397           0.00785          13.23885
 TOT  GF          17.22810           0.06196           0.32834         413.45391
 ===============================================================================

  22 E= 0.7101 0.0755          IT=   1  Fe      
               DOS  [1/Ry]  |  m_spin  [m_B]  |  m_orb   [m_B]  |   B_tot   [kG]
 INT  GF           7.34094           1.57883           0.01221           5.31867
 TOT  GF          17.87012           0.22529           0.39818         529.81046
 ===============================================================================

  23 E= 0.7124 0.0604          IT=   1  Fe      
               DOS  [1/Ry]  |  m_spin  [m_B]  |  m_orb   [m_B]  |   B_tot   [kG]
 INT  GF           7.41224           1.68747           0.01690          -1.23872
 TOT  GF          18.25085           0.49144           0.46592         644.47183
 ===============================================================================

  24 E= 0.7138 0.0480          IT=   1  Fe      
               DOS  [1/Ry]  |  m_spin  [m_B]  |  m_orb   [m_B]  |   B_tot   [kG]
 INT  GF           7.48106           1.78760           0.02174          -6.56597
 TOT  GF          18.36413           0.83788           0.52729         752.47366
 ===============================================================================

  25 E= 0.7148 0.0378          IT=   1  Fe      
               DOS  [1/Ry]  |  m_spin  [m_B]  |  m_orb   [m_B]  |   B_tot   [kG]
 INT  GF           7.54698           1.87764           0.02655         -10.81805
 TOT  GF          18.24191           1.24297           0.57901         849.66912
 ===============================================================================

  26 E= 0.7154 0.0295          IT=   1  Fe      
               DOS  [1/Ry]  |  m_spin  [m_B]  |  m_orb   [m_B]  |   B_tot   [kG]
 INT  GF           7.60917           1.95679           0.03118         -14.14731
 TOT  GF          17.94671           1.69565           0.61960         933.28150
 ===============================================================================

  27 E= 0.7158 0.0228          IT=   1  Fe      
               DOS  [1/Ry]  |  m_spin  [m_B]  |  m_orb   [m_B]  |   B_tot   [kG]
 INT  GF           7.66679           2.02505           0.03549         -16.68877
 TOT  GF          17.55561           2.19646           0.64939        1002.58536
 ===============================================================================

  28 E= 0.7160 0.0173          IT=   1  Fe      
               DOS  [1/Ry]  |  m_spin  [m_B]  |  m_orb   [m_B]  |   B_tot   [kG]
 INT  GF           7.71909           2.08301           0.03940         -18.55789
 TOT  GF          17.14257           2.75263           0.66984        1059.47692
 ===============================================================================

  29 E= 0.7162 0.0129          IT=   1  Fe      
               DOS  [1/Ry]  |  m_spin  [m_B]  |  m_orb   [m_B]  |   B_tot   [kG]
 INT  GF           7.76553           2.13155           0.04286         -19.85761
 TOT  GF          16.76649           3.37542           0.68304        1109.31479
 ===============================================================================

  30 E= 0.7163 0.0093          IT=   1  Fe      
               DOS  [1/Ry]  |  m_spin  [m_B]  |  m_orb   [m_B]  |   B_tot   [kG]
 INT  GF           7.80570           2.17165           0.04582         -20.68501
 TOT  GF          16.47079           4.08865           0.69275        1163.28741
 ===============================================================================

  31 E= 0.7163 0.0065          IT=   1  Fe      
               DOS  [1/Ry]  |  m_spin  [m_B]  |  m_orb   [m_B]  |   B_tot   [kG]
 INT  GF           7.83940           2.20419           0.04827         -21.12791
 TOT  GF          16.29171           4.94668           0.70632        1242.96199
 ===============================================================================

  32 E= 0.7163 0.0043          IT=   1  Fe      
               DOS  [1/Ry]  |  m_spin  [m_B]  |  m_orb   [m_B]  |   B_tot   [kG]
 INT  GF           7.86672           2.22999           0.05023         -21.25206
 TOT  GF          16.24670           6.03310           0.73286        1383.76457
 ===============================================================================

  33 E= 0.7164 0.0026          IT=   1  Fe      
               DOS  [1/Ry]  |  m_spin  [m_B]  |  m_orb   [m_B]  |   B_tot   [kG]
 INT  GF           7.88812           2.24991           0.05174         -21.09891
 TOT  GF          16.30366           7.40376           0.77310        1626.36484
 ===============================================================================

  34 E= 0.7164 0.0014          IT=   1  Fe      
               DOS  [1/Ry]  |  m_spin  [m_B]  |  m_orb   [m_B]  |   B_tot   [kG]
 INT  GF           7.90417           2.26490           0.05284         -20.73048
 TOT  GF          16.60600           9.03061           0.82055        1961.26892
 ===============================================================================

  35 E= 0.7164 0.0005          IT=   1  Fe      
               DOS  [1/Ry]  |  m_spin  [m_B]  |  m_orb   [m_B]  |   B_tot   [kG]
 INT  GF           7.91453           2.27534           0.05347         -20.47088
 TOT  GF          18.22070          10.98349           0.94051        2241.89859
 ===============================================================================

  36 E= 0.7164 0.0001   L= 0   IT=   1  Fe        CRYSTAL TERMS       
               DOS  [1/Ry]  |  m_spin  [m_B]  |  m_orb   [m_B]  |   B_tot   [kG]
 INT               0.63487          -0.01225           0.00000         -42.50274
 SUM               0.43818           0.06437          -0.00000           0.40817
 MJ= -1/2          0.18691          -0.18690           0.00001          -1.03599
 MJ=  1/2          0.25128           0.25127          -0.00001           1.44415

  36 E= 0.7164 0.0001   L= 1   IT=   1  Fe        CRYSTAL TERMS       
               DOS  [1/Ry]  |  m_spin  [m_B]  |  m_orb   [m_B]  |   B_tot   [kG]
 INT               0.76490          -0.05198          -0.00002           0.50898
 SUM               0.46885           0.07484           0.01612           0.03205
 MJ= -3/2          0.07818          -0.07818          -0.07817          -0.07067
 MJ= -1/2          0.12001           0.06295          -0.09147          -0.14350
 MJ=  1/2          0.17517          -0.00543           0.09029           0.16046
 MJ=  3/2          0.09549           0.09549           0.09548           0.08576

  36 E= 0.7164 0.0001   L= 2   IT=   1  Fe        CRYSTAL TERMS       
               DOS  [1/Ry]  |  m_spin  [m_B]  |  m_orb   [m_B]  |   B_tot   [kG]
 INT               6.51844           2.34410           0.05359          21.19603
 SUM              17.10137           8.84893           1.31995           0.91430
 MJ= -5/2          1.21636          -1.21630          -2.43171          -1.17409
 MJ= -3/2          2.76183           2.21645          -5.24917          -4.38285
 MJ= -1/2          3.31735           1.15462          -2.23531          -1.55200
 MJ=  1/2          3.16772           2.62179           0.27228           0.73869
 MJ=  3/2          3.58967           1.02413           4.87023           3.54094
 MJ=  5/2          3.04843           3.04824           6.09363           3.74360

  36 E= 0.7164 0.0001          IT=   1  Fe      
               DOS  [1/Ry]  |  m_spin  [m_B]  |  m_orb   [m_B]  |   B_tot   [kG]
 INT  GF           7.91821           2.27987           0.05358         -20.79772
 TOT  GF          18.00840           8.98813           1.33607        1354.51747
 -------------------------------------------------------------------------------
 TOT DOS          18.00840
     INT           7.91821           2.27987           0.05358
 ===============================================================================


 *******************************************************************************

 SPRKKR-run for: System:

 results extrapolated to corrected Fermi energy:
 CHARGE MISFIT      -0.08179189 els.
 E_F CORRECTION      0.00454187
 NEW FERMI ENERGY    0.72090453

 parameters for k-space integration:  NWEDGE:  6  wedges:  1  2  5  7  9 10
 regular k-mesh point sampling  NKTAB: 1530
 number of energies CPA failed     0

  37 E= 0.7209 0.0000          IT=   1  Fe      
         DOS      NOS     P_spin   m_spin    P_orb    m_orb    B_val      B_core
  s    0.4382   0.6369    0.0644  -0.0120  -0.00000  0.00000  -40.65 s   -249.82
  p    0.4689   0.7670    0.0748  -0.0516   0.01612  0.00006    0.65 ns     1.09
  d   17.1014   6.5961    8.8489   2.3843   1.31995  0.05959   25.35 cor -248.74
 sum  18.0084   8.0000    8.9881   2.3207   1.33607  0.05965  -14.65 v+c -263.38
                          P(T_z)   T_z   
  s                       0.0000   0.0000
  p                      -0.0120  -0.0001
  d                      -0.0962  -0.0006
 sum                     -0.1082  -0.0007
 -------------------------------------------------------------------------------
 TOT  18.0084   8.0000             2.3207            0.05965
 E_band         4.48139856 [Ry]
 ===============================================================================


 *******************************************************************************
                                   <TORQUE>
 *******************************************************************************

          calculation of site resolved magnetic torque

            IQ     TET   PHI    torque (Ryd)
             1    90.0  90.0    0.0000000000

          total                 0.0000000000  Ryd
                                0.0000000000  meV

 *******************************************************************************

 CPU - time used in  <GEN>:      1.556 sec


 *******************************************************************************
 *******************************************************************************

          calculation for task = TORQUE    
          finished in subroutine <KKRGEN>
          Regular stop
          run time info  CPU          3.340 sec
                         WALL         1.704 sec

 *******************************************************************************
 *******************************************************************************

          program stopped regularly via STOP_REGULAR

